{"/Users/rupaklama/Desktop/node-tdd/src/app.js": {"path":"/Users/rupaklama/Desktop/node-tdd/src/app.js","statementMap":{"0":{"start":{"line":1,"column":16},"end":{"line":1,"column":34}},"1":{"start":{"line":3,"column":19},"end":{"line":3,"column":54}},"2":{"start":{"line":4,"column":17},"end":{"line":4,"column":44}},"3":{"start":{"line":6,"column":12},"end":{"line":6,"column":21}},"4":{"start":{"line":9,"column":0},"end":{"line":9,"column":24}},"5":{"start":{"line":16,"column":0},"end":{"line":16,"column":32}},"6":{"start":{"line":20,"column":0},"end":{"line":20,"column":51}},"7":{"start":{"line":32,"column":0},"end":{"line":42,"column":3}},"8":{"start":{"line":41,"column":2},"end":{"line":41,"column":75}},"9":{"start":{"line":46,"column":0},"end":{"line":60,"column":3}},"10":{"start":{"line":51,"column":2},"end":{"line":51,"column":41}},"11":{"start":{"line":52,"column":2},"end":{"line":52,"column":44}},"12":{"start":{"line":54,"column":2},"end":{"line":57,"column":5}},"13":{"start":{"line":59,"column":2},"end":{"line":59,"column":9}},"14":{"start":{"line":64,"column":0},"end":{"line":64,"column":21}}},"fnMap":{"0":{"name":"(anonymous_0)","decl":{"start":{"line":32,"column":13},"end":{"line":32,"column":14}},"loc":{"start":{"line":32,"column":33},"end":{"line":42,"column":1}},"line":32},"1":{"name":"(anonymous_1)","decl":{"start":{"line":46,"column":8},"end":{"line":46,"column":9}},"loc":{"start":{"line":46,"column":33},"end":{"line":60,"column":1}},"line":46}},"branchMap":{"0":{"loc":{"start":{"line":51,"column":19},"end":{"line":51,"column":40}},"type":"binary-expr","locations":[{"start":{"line":51,"column":19},"end":{"line":51,"column":33}},{"start":{"line":51,"column":37},"end":{"line":51,"column":40}}],"line":51},"1":{"loc":{"start":{"line":52,"column":15},"end":{"line":52,"column":43}},"type":"binary-expr","locations":[{"start":{"line":52,"column":15},"end":{"line":52,"column":25}},{"start":{"line":52,"column":29},"end":{"line":52,"column":43}}],"line":52}},"s":{"0":1,"1":1,"2":1,"3":1,"4":1,"5":1,"6":1,"7":1,"8":10,"9":1,"10":10,"11":10,"12":10,"13":0,"14":1},"f":{"0":10,"1":10},"b":{"0":[10,0],"1":[10,0]},"_coverageSchema":"1a1c01bbd47fc00a2c39e90264f33305004495a9","hash":"2d313ff80c0ba65cce5b7cf442e6d6d0c5ff97af"}
,"/Users/rupaklama/Desktop/node-tdd/src/appConfig/database.js": {"path":"/Users/rupaklama/Desktop/node-tdd/src/appConfig/database.js","statementMap":{"0":{"start":{"line":12,"column":18},"end":{"line":12,"column":38}},"1":{"start":{"line":15,"column":15},"end":{"line":15,"column":32}},"2":{"start":{"line":22,"column":17},"end":{"line":22,"column":39}},"3":{"start":{"line":27,"column":18},"end":{"line":42,"column":2}},"4":{"start":{"line":52,"column":0},"end":{"line":52,"column":27}}},"fnMap":{},"branchMap":{},"s":{"0":1,"1":1,"2":1,"3":1,"4":1},"f":{},"b":{},"_coverageSchema":"1a1c01bbd47fc00a2c39e90264f33305004495a9","hash":"09c75fde2013fcf1f41d8655a0118e384ad0aae9"}
,"/Users/rupaklama/Desktop/node-tdd/src/email/EmailService.js": {"path":"/Users/rupaklama/Desktop/node-tdd/src/email/EmailService.js","statementMap":{"0":{"start":{"line":1,"column":19},"end":{"line":1,"column":40}},"1":{"start":{"line":4,"column":23},"end":{"line":4,"column":49}},"2":{"start":{"line":7,"column":20},"end":{"line":7,"column":76}},"3":{"start":{"line":9,"column":35},"end":{"line":16,"column":1}},"4":{"start":{"line":10,"column":2},"end":{"line":15,"column":5}},"5":{"start":{"line":18,"column":0},"end":{"line":18,"column":48}}},"fnMap":{"0":{"name":"(anonymous_0)","decl":{"start":{"line":9,"column":35},"end":{"line":9,"column":36}},"loc":{"start":{"line":9,"column":59},"end":{"line":16,"column":1}},"line":9}},"branchMap":{},"s":{"0":1,"1":1,"2":1,"3":1,"4":10,"5":1},"f":{"0":10},"b":{},"_coverageSchema":"1a1c01bbd47fc00a2c39e90264f33305004495a9","hash":"bcca796550329d43a8d311464e7856ad30822d34"}
,"/Users/rupaklama/Desktop/node-tdd/src/models/UserModel.js": {"path":"/Users/rupaklama/Desktop/node-tdd/src/models/UserModel.js","statementMap":{"0":{"start":{"line":1,"column":18},"end":{"line":1,"column":38}},"1":{"start":{"line":4,"column":18},"end":{"line":4,"column":50}},"2":{"start":{"line":8,"column":14},"end":{"line":8,"column":29}},"3":{"start":{"line":14,"column":0},"end":{"line":46,"column":2}},"4":{"start":{"line":48,"column":0},"end":{"line":48,"column":27}}},"fnMap":{},"branchMap":{},"s":{"0":1,"1":1,"2":1,"3":1,"4":1},"f":{},"b":{},"_coverageSchema":"1a1c01bbd47fc00a2c39e90264f33305004495a9","hash":"6efc6b9791f17ffbadc49a7754cd1c1b97ba467f"}
,"/Users/rupaklama/Desktop/node-tdd/src/routes/user/userRoutes.js": {"path":"/Users/rupaklama/Desktop/node-tdd/src/routes/user/userRoutes.js","statementMap":{"0":{"start":{"line":1,"column":16},"end":{"line":1,"column":34}},"1":{"start":{"line":3,"column":15},"end":{"line":3,"column":31}},"2":{"start":{"line":5,"column":36},"end":{"line":5,"column":64}},"3":{"start":{"line":7,"column":20},"end":{"line":7,"column":44}},"4":{"start":{"line":8,"column":19},"end":{"line":8,"column":52}},"5":{"start":{"line":9,"column":17},"end":{"line":9,"column":48}},"6":{"start":{"line":14,"column":0},"end":{"line":93,"column":2}},"7":{"start":{"line":73,"column":19},"end":{"line":73,"column":40}},"8":{"start":{"line":75,"column":4},"end":{"line":81,"column":5}},"9":{"start":{"line":76,"column":31},"end":{"line":76,"column":33}},"10":{"start":{"line":79,"column":6},"end":{"line":79,"column":85}},"11":{"start":{"line":79,"column":41},"end":{"line":79,"column":82}},"12":{"start":{"line":80,"column":6},"end":{"line":80,"column":74}},"13":{"start":{"line":83,"column":4},"end":{"line":89,"column":5}},"14":{"start":{"line":84,"column":6},"end":{"line":84,"column":45}},"15":{"start":{"line":86,"column":6},"end":{"line":86,"column":57}},"16":{"start":{"line":88,"column":6},"end":{"line":88,"column":64}},"17":{"start":{"line":91,"column":4},"end":{"line":91,"column":11}},"18":{"start":{"line":95,"column":0},"end":{"line":95,"column":24}}},"fnMap":{"0":{"name":"(anonymous_0)","decl":{"start":{"line":56,"column":13},"end":{"line":56,"column":14}},"loc":{"start":{"line":56,"column":39},"end":{"line":92,"column":3}},"line":56},"1":{"name":"(anonymous_1)","decl":{"start":{"line":79,"column":29},"end":{"line":79,"column":30}},"loc":{"start":{"line":79,"column":41},"end":{"line":79,"column":82}},"line":79}},"branchMap":{"0":{"loc":{"start":{"line":75,"column":4},"end":{"line":81,"column":5}},"type":"if","locations":[{"start":{"line":75,"column":4},"end":{"line":81,"column":5}},{"start":{},"end":{}}],"line":75}},"s":{"0":1,"1":1,"2":1,"3":1,"4":1,"5":1,"6":1,"7":28,"8":28,"9":15,"10":15,"11":17,"12":15,"13":13,"14":13,"15":10,"16":3,"17":10,"18":1},"f":{"0":28,"1":17},"b":{"0":[15,13]},"_coverageSchema":"1a1c01bbd47fc00a2c39e90264f33305004495a9","hash":"b7a0b0b81f0e7b85a7a300eebebdadf8a330c9ee"}
,"/Users/rupaklama/Desktop/node-tdd/src/routes/user/userService.js": {"path":"/Users/rupaklama/Desktop/node-tdd/src/routes/user/userService.js","statementMap":{"0":{"start":{"line":1,"column":15},"end":{"line":1,"column":32}},"1":{"start":{"line":2,"column":15},"end":{"line":2,"column":32}},"2":{"start":{"line":4,"column":18},"end":{"line":4,"column":51}},"3":{"start":{"line":5,"column":39},"end":{"line":5,"column":74}},"4":{"start":{"line":6,"column":18},"end":{"line":6,"column":53}},"5":{"start":{"line":8,"column":22},"end":{"line":11,"column":1}},"6":{"start":{"line":10,"column":2},"end":{"line":10,"column":73}},"7":{"start":{"line":13,"column":19},"end":{"line":38,"column":1}},"8":{"start":{"line":14,"column":40},"end":{"line":14,"column":44}},"9":{"start":{"line":17,"column":15},"end":{"line":17,"column":46}},"10":{"start":{"line":19,"column":15},"end":{"line":19,"column":86}},"11":{"start":{"line":21,"column":22},"end":{"line":21,"column":51}},"12":{"start":{"line":24,"column":2},"end":{"line":24,"column":48}},"13":{"start":{"line":26,"column":2},"end":{"line":37,"column":3}},"14":{"start":{"line":28,"column":4},"end":{"line":28,"column":66}},"15":{"start":{"line":31,"column":4},"end":{"line":31,"column":31}},"16":{"start":{"line":34,"column":4},"end":{"line":34,"column":33}},"17":{"start":{"line":40,"column":20},"end":{"line":42,"column":1}},"18":{"start":{"line":41,"column":2},"end":{"line":41,"column":62}},"19":{"start":{"line":44,"column":0},"end":{"line":44,"column":45}}},"fnMap":{"0":{"name":"(anonymous_0)","decl":{"start":{"line":8,"column":22},"end":{"line":8,"column":23}},"loc":{"start":{"line":8,"column":34},"end":{"line":11,"column":1}},"line":8},"1":{"name":"(anonymous_1)","decl":{"start":{"line":13,"column":19},"end":{"line":13,"column":20}},"loc":{"start":{"line":13,"column":35},"end":{"line":38,"column":1}},"line":13},"2":{"name":"(anonymous_2)","decl":{"start":{"line":40,"column":20},"end":{"line":40,"column":21}},"loc":{"start":{"line":40,"column":37},"end":{"line":42,"column":1}},"line":40}},"branchMap":{},"s":{"0":1,"1":1,"2":1,"3":1,"4":1,"5":1,"6":13,"7":1,"8":13,"9":13,"10":13,"11":13,"12":12,"13":10,"14":10,"15":10,"16":0,"17":1,"18":0,"19":1},"f":{"0":13,"1":13,"2":0},"b":{},"_coverageSchema":"1a1c01bbd47fc00a2c39e90264f33305004495a9","hash":"68f623be0b7f722212e40c56f0c1b128a33b741b"}
,"/Users/rupaklama/Desktop/node-tdd/src/utils/appError.js": {"path":"/Users/rupaklama/Desktop/node-tdd/src/utils/appError.js","statementMap":{"0":{"start":{"line":5,"column":4},"end":{"line":5,"column":19}},"1":{"start":{"line":7,"column":4},"end":{"line":7,"column":33}},"2":{"start":{"line":8,"column":4},"end":{"line":8,"column":69}},"3":{"start":{"line":12,"column":4},"end":{"line":12,"column":30}},"4":{"start":{"line":18,"column":4},"end":{"line":18,"column":52}},"5":{"start":{"line":22,"column":0},"end":{"line":22,"column":26}}},"fnMap":{"0":{"name":"(anonymous_0)","decl":{"start":{"line":3,"column":2},"end":{"line":3,"column":3}},"loc":{"start":{"line":3,"column":35},"end":{"line":19,"column":3}},"line":3}},"branchMap":{"0":{"loc":{"start":{"line":8,"column":18},"end":{"line":8,"column":68}},"type":"cond-expr","locations":[{"start":{"line":8,"column":52},"end":{"line":8,"column":58}},{"start":{"line":8,"column":61},"end":{"line":8,"column":68}}],"line":8}},"s":{"0":10,"1":10,"2":10,"3":10,"4":10,"5":1},"f":{"0":10},"b":{"0":[10,0]},"_coverageSchema":"1a1c01bbd47fc00a2c39e90264f33305004495a9","hash":"c55f00380ec071101e55152bcf9d0787ebe920bf"}
,"/Users/rupaklama/Desktop/node-tdd/src/utils/catchAsync.js": {"path":"/Users/rupaklama/Desktop/node-tdd/src/utils/catchAsync.js","statementMap":{"0":{"start":{"line":4,"column":0},"end":{"line":9,"column":2}},"1":{"start":{"line":4,"column":25},"end":{"line":9,"column":1}},"2":{"start":{"line":8,"column":2},"end":{"line":8,"column":33}}},"fnMap":{"0":{"name":"(anonymous_0)","decl":{"start":{"line":4,"column":17},"end":{"line":4,"column":18}},"loc":{"start":{"line":4,"column":25},"end":{"line":9,"column":1}},"line":4},"1":{"name":"(anonymous_1)","decl":{"start":{"line":4,"column":25},"end":{"line":4,"column":26}},"loc":{"start":{"line":4,"column":45},"end":{"line":9,"column":1}},"line":4}},"branchMap":{},"s":{"0":1,"1":1,"2":28},"f":{"0":1,"1":28},"b":{},"_coverageSchema":"1a1c01bbd47fc00a2c39e90264f33305004495a9","hash":"aaa04e022ff4f7663ffcbd48423a6f02f3e8c4df"}
}
