TN:
SF:src/app.js
FN:32,(anonymous_0)
FN:46,(anonymous_1)
FNF:2
FNH:2
FNDA:9,(anonymous_0)
FNDA:9,(anonymous_1)
DA:1,1
DA:3,1
DA:4,1
DA:6,1
DA:9,1
DA:16,1
DA:20,1
DA:32,1
DA:41,9
DA:46,1
DA:51,9
DA:52,9
DA:54,9
DA:59,0
DA:64,1
LF:15
LH:14
BRDA:51,0,0,9
BRDA:51,0,1,0
BRDA:52,1,0,9
BRDA:52,1,1,0
BRF:4
BRH:2
end_of_record
TN:
SF:src/appConfig/database.js
FNF:0
FNH:0
DA:12,1
DA:15,1
DA:22,1
DA:27,1
DA:52,1
LF:5
LH:5
BRF:0
BRH:0
end_of_record
TN:
SF:src/models/UserModel.js
FNF:0
FNH:0
DA:1,1
DA:4,1
DA:8,1
DA:14,1
DA:48,1
LF:5
LH:5
BRF:0
BRH:0
end_of_record
TN:
SF:src/routes/user/userRoutes.js
FN:49,(anonymous_0)
FN:72,(anonymous_1)
FNF:2
FNH:2
FNDA:25,(anonymous_0)
FNDA:17,(anonymous_1)
DA:1,1
DA:3,1
DA:5,1
DA:7,1
DA:8,1
DA:9,1
DA:14,1
DA:66,25
DA:68,25
DA:69,15
DA:72,17
DA:73,15
DA:76,10
DA:77,10
DA:79,9
DA:81,1
DA:88,9
DA:92,1
LF:18
LH:18
BRDA:68,0,0,15
BRDA:68,0,1,10
BRF:2
BRH:2
end_of_record
TN:
SF:src/routes/user/userService.js
FN:6,(anonymous_0)
FN:11,(anonymous_1)
FNF:2
FNH:2
FNDA:10,(anonymous_0)
FNDA:10,(anonymous_1)
DA:1,1
DA:2,1
DA:4,1
DA:6,1
DA:8,10
DA:11,1
DA:12,10
DA:15,10
DA:17,10
DA:20,10
DA:23,1
LF:11
LH:11
BRF:0
BRH:0
end_of_record
TN:
SF:src/utils/appError.js
FN:3,(anonymous_0)
FNF:1
FNH:1
FNDA:9,(anonymous_0)
DA:5,9
DA:7,9
DA:8,9
DA:12,9
DA:18,9
DA:22,1
LF:6
LH:6
BRDA:8,0,0,9
BRDA:8,0,1,0
BRF:2
BRH:1
end_of_record
TN:
SF:src/utils/catchAsync.js
FN:4,(anonymous_0)
FN:4,(anonymous_1)
FNF:2
FNH:2
FNDA:1,(anonymous_0)
FNDA:25,(anonymous_1)
DA:4,1
DA:8,25
LF:2
LH:2
BRF:0
BRH:0
end_of_record
